<?xml version="1.0" encoding="UTF-8"?>
<!-- Generated by org.testng.reporters.JUnitReportReporter -->
<testsuite hostname="DESKTOP-TUAR8T8" failures="0" tests="1" name="com.AutomationTest.demoProject1.TestClass1" time="8.465" errors="0" timestamp="10 May 2020 22:52:05 GMT" skipped="0">
  <testcase classname="com.AutomationTest.demoProject1.TestClass1" name="testCase1" time="8.465"/>
</testsuite> <!-- com.AutomationTest.demoProject1.TestClass1 -->
