<?xml version="1.0" encoding="UTF-8"?>
<!-- Generated by org.testng.reporters.JUnitReportReporter -->
<testsuite hostname="DESKTOP-TUAR8T8" failures="0" tests="2" name="com.AutomationTest.demoProject1.TestClass1" time="15.719" errors="0" timestamp="10 May 2020 22:56:21 GMT" skipped="0">
  <testcase classname="com.AutomationTest.demoProject1.TestClass1" name="testCase2" time="8.100"/>
  <testcase classname="com.AutomationTest.demoProject1.TestClass1" name="testCase1" time="7.619"/>
</testsuite> <!-- com.AutomationTest.demoProject1.TestClass1 -->
